<?xml version="1.0" encoding="UTF-8"?>
<testsuite name="com.example.clovercycle.PaymentActivityTest" tests="1" skipped="0" failures="0" errors="0" timestamp="2024-04-20T03:20:28" hostname="LAPTOP-CAFVOU84" time="3.614">
  <properties/>
  <testcase name="testValidPaymentSubmission" classname="com.example.clovercycle.PaymentActivityTest" time="3.614"/>
  <system-out><![CDATA[WARN: No type identifier when getting name for resource number 0x00000000
WARN: No type identifier when getting name for resource number 0x00000000
WARN: No type identifier when getting name for resource number 0x00000000
]]></system-out>
  <system-err><![CDATA[]]></system-err>
</testsuite>
